#
# There is insufficient memory for the Java Runtime Environment to continue.
# Native memory allocation (malloc) failed to allocate 85983232 bytes for committing reserved memory.
# Possible reasons:
#   The system is out of physical RAM or swap space
#   In 32 bit mode, the process size limit was hit
# Possible solutions:
#   Reduce memory load on the system
#   Increase physical memory or swap space
#   Check if swap backing store is full
#   Use 64 bit Java on a 64 bit OS
#   Decrease Java heap size (-Xmx/-Xms)
#   Decrease number of Java threads
#   Decrease Java thread stack sizes (-Xss)
#   Set larger code cache with -XX:ReservedCodeCacheSize=
# This output file may be truncated or incomplete.
#
#  Out of Memory Error (os_linux.cpp:2756), pid=17031, tid=140063516481280
#
# JRE version:  (7.0_79-b15) (build )
# Java VM: Java HotSpot(TM) 64-Bit Server VM (24.79-b02 mixed mode linux-amd64 compressed oops)
# Failed to write core dump. Core dumps have been disabled. To enable core dumping, try "ulimit -c unlimited" before starting Java again
#

---------------  T H R E A D  ---------------

Current thread (0x00007f630c00a800):  JavaThread "Unknown thread" [_thread_in_vm, id=17036, stack(0x00007f6314155000,0x00007f6314256000)]

Stack: [0x00007f6314155000,0x00007f6314256000],  sp=0x00007f6314254230,  free space=1020k
Native frames: (J=compiled Java code, j=interpreted, Vv=VM code, C=native code)
V  [libjvm.so+0x9a32da]  VMError::report_and_die()+0x2ea
V  [libjvm.so+0x497f7b]  report_vm_out_of_memory(char const*, int, unsigned long, char const*)+0x9b
V  [libjvm.so+0x81fcce]  os::Linux::commit_memory_impl(char*, unsigned long, bool)+0xfe
V  [libjvm.so+0x820219]  os::pd_commit_memory(char*, unsigned long, unsigned long, bool)+0x29
V  [libjvm.so+0x819faa]  os::commit_memory(char*, unsigned long, unsigned long, bool)+0x2a
V  [libjvm.so+0x88d863]  PSVirtualSpace::expand_by(unsigned long)+0x53
V  [libjvm.so+0x87c4d3]  PSOldGen::initialize(ReservedSpace, unsigned long, char const*, int)+0x103
V  [libjvm.so+0x29a9b3]  AdjoiningGenerations::AdjoiningGenerations(ReservedSpace, unsigned long, unsigned long, unsigned long, unsigned long, unsigned long, unsigned long, unsigned long)+0x3e3
V  [libjvm.so+0x8415f5]  ParallelScavengeHeap::initialize()+0x4d5
V  [libjvm.so+0x9751aa]  Universe::initialize_heap()+0xca
V  [libjvm.so+0x976379]  universe_init()+0x79
V  [libjvm.so+0x5b1d25]  init_globals()+0x65
V  [libjvm.so+0x95dc6d]  Threads::create_vm(JavaVMInitArgs*, bool*)+0x1ed
V  [libjvm.so+0x639fe4]  JNI_CreateJavaVM+0x74
C  [libjli.so+0x2f8e]  JavaMain+0x9e


---------------  P R O C E S S  ---------------

Java Threads: ( => current thread )

Other Threads:

=>0x00007f630c00a800 (exited) JavaThread "Unknown thread" [_thread_in_vm, id=17036, stack(0x00007f6314155000,0x00007f6314256000)]

VM state:not at safepoint (not fully initialized)

VM Mutex/Monitor currently owned by a thread: None

GC Heap History (0 events):
No events

Deoptimization events (0 events):
No events

Internal exceptions (0 events):
No events

Events (0 events):
No events


Dynamic libraries:
00400000-00401000 r-xp 00000000 08:04 536057                             /usr/lib/java/jdk1.7.0_79/bin/java
00600000-00601000 rw-p 00000000 08:04 536057                             /usr/lib/java/jdk1.7.0_79/bin/java
01379000-0139a000 rw-p 00000000 00:00 0                                  [heap]
bae00000-c0000000 rw-p 00000000 00:00 0 
c5200000-eaa80000 rw-p 00000000 00:00 0 
eaa80000-ed400000 rw-p 00000000 00:00 0 
ed400000-100000000 rw-p 00000000 00:00 0 
7f6309000000-7f6309270000 rwxp 00000000 00:00 0 
7f6309270000-7f630c026000 rw-p 00000000 00:00 0 
7f630c026000-7f6310000000 ---p 00000000 00:00 0 
7f6310fce000-7f6311216000 rw-p 00000000 00:00 0 
7f6311216000-7f6311394000 rw-p 00000000 00:00 0 
7f6311394000-7f63113a9000 rw-p 00000000 00:00 0 
7f63113a9000-7f631143f000 rw-p 00000000 00:00 0 
7f631143f000-7f6311440000 rw-p 00000000 00:00 0 
7f6311440000-7f631145a000 r-xp 00000000 08:04 664873                     /usr/lib/java/jdk1.7.0_79/jre/lib/amd64/libzip.so
7f631145a000-7f631165a000 ---p 0001a000 08:04 664873                     /usr/lib/java/jdk1.7.0_79/jre/lib/amd64/libzip.so
7f631165a000-7f631165b000 rw-p 0001a000 08:04 664873                     /usr/lib/java/jdk1.7.0_79/jre/lib/amd64/libzip.so
7f631165b000-7f6311666000 r-xp 00000000 08:04 1183791                    /lib/x86_64-linux-gnu/libnss_files-2.19.so
7f6311666000-7f6311865000 ---p 0000b000 08:04 1183791                    /lib/x86_64-linux-gnu/libnss_files-2.19.so
7f6311865000-7f6311866000 r--p 0000a000 08:04 1183791                    /lib/x86_64-linux-gnu/libnss_files-2.19.so
7f6311866000-7f6311867000 rw-p 0000b000 08:04 1183791                    /lib/x86_64-linux-gnu/libnss_files-2.19.so
7f6311867000-7f6311872000 r-xp 00000000 08:04 1184612                    /lib/x86_64-linux-gnu/libnss_nis-2.19.so
7f6311872000-7f6311a71000 ---p 0000b000 08:04 1184612                    /lib/x86_64-linux-gnu/libnss_nis-2.19.so
7f6311a71000-7f6311a72000 r--p 0000a000 08:04 1184612                    /lib/x86_64-linux-gnu/libnss_nis-2.19.so
7f6311a72000-7f6311a73000 rw-p 0000b000 08:04 1184612                    /lib/x86_64-linux-gnu/libnss_nis-2.19.so
7f6311a73000-7f6311a8a000 r-xp 00000000 08:04 1184499                    /lib/x86_64-linux-gnu/libnsl-2.19.so
7f6311a8a000-7f6311c89000 ---p 00017000 08:04 1184499                    /lib/x86_64-linux-gnu/libnsl-2.19.so
7f6311c89000-7f6311c8a000 r--p 00016000 08:04 1184499                    /lib/x86_64-linux-gnu/libnsl-2.19.so
7f6311c8a000-7f6311c8b000 rw-p 00017000 08:04 1184499                    /lib/x86_64-linux-gnu/libnsl-2.19.so
7f6311c8b000-7f6311c8d000 rw-p 00000000 00:00 0 
7f6311c8d000-7f6311c96000 r-xp 00000000 08:04 1184483                    /lib/x86_64-linux-gnu/libnss_compat-2.19.so
7f6311c96000-7f6311e95000 ---p 00009000 08:04 1184483                    /lib/x86_64-linux-gnu/libnss_compat-2.19.so
7f6311e95000-7f6311e96000 r--p 00008000 08:04 1184483                    /lib/x86_64-linux-gnu/libnss_compat-2.19.so
7f6311e96000-7f6311e97000 rw-p 00009000 08:04 1184483                    /lib/x86_64-linux-gnu/libnss_compat-2.19.so
7f6311e97000-7f6311ec0000 r-xp 00000000 08:04 664921                     /usr/lib/java/jdk1.7.0_79/jre/lib/amd64/libjava.so
7f6311ec0000-7f63120c0000 ---p 00029000 08:04 664921                     /usr/lib/java/jdk1.7.0_79/jre/lib/amd64/libjava.so
7f63120c0000-7f63120c2000 rw-p 00029000 08:04 664921                     /usr/lib/java/jdk1.7.0_79/jre/lib/amd64/libjava.so
7f63120c2000-7f63120cf000 r-xp 00000000 08:04 664927                     /usr/lib/java/jdk1.7.0_79/jre/lib/amd64/libverify.so
7f63120cf000-7f63122ce000 ---p 0000d000 08:04 664927                     /usr/lib/java/jdk1.7.0_79/jre/lib/amd64/libverify.so
7f63122ce000-7f63122d0000 rw-p 0000c000 08:04 664927                     /usr/lib/java/jdk1.7.0_79/jre/lib/amd64/libverify.so
7f63122d0000-7f63122d7000 r-xp 00000000 08:04 1184599                    /lib/x86_64-linux-gnu/librt-2.19.so
7f63122d7000-7f63124d6000 ---p 00007000 08:04 1184599                    /lib/x86_64-linux-gnu/librt-2.19.so
7f63124d6000-7f63124d7000 r--p 00006000 08:04 1184599                    /lib/x86_64-linux-gnu/librt-2.19.so
7f63124d7000-7f63124d8000 rw-p 00007000 08:04 1184599                    /lib/x86_64-linux-gnu/librt-2.19.so
7f63124d8000-7f63125dd000 r-xp 00000000 08:04 1183746                    /lib/x86_64-linux-gnu/libm-2.19.so
7f63125dd000-7f63127dc000 ---p 00105000 08:04 1183746                    /lib/x86_64-linux-gnu/libm-2.19.so
7f63127dc000-7f63127dd000 r--p 00104000 08:04 1183746                    /lib/x86_64-linux-gnu/libm-2.19.so
7f63127dd000-7f63127de000 rw-p 00105000 08:04 1183746                    /lib/x86_64-linux-gnu/libm-2.19.so
7f63127de000-7f6313353000 r-xp 00000000 08:04 664919                     /usr/lib/java/jdk1.7.0_79/jre/lib/amd64/server/libjvm.so
7f6313353000-7f6313553000 ---p 00b75000 08:04 664919                     /usr/lib/java/jdk1.7.0_79/jre/lib/amd64/server/libjvm.so
7f6313553000-7f6313617000 rw-p 00b75000 08:04 664919                     /usr/lib/java/jdk1.7.0_79/jre/lib/amd64/server/libjvm.so
7f6313617000-7f6313658000 rw-p 00000000 00:00 0 
7f6313658000-7f6313813000 r-xp 00000000 08:04 1184596                    /lib/x86_64-linux-gnu/libc-2.19.so
7f6313813000-7f6313a12000 ---p 001bb000 08:04 1184596                    /lib/x86_64-linux-gnu/libc-2.19.so
7f6313a12000-7f6313a16000 r--p 001ba000 08:04 1184596                    /lib/x86_64-linux-gnu/libc-2.19.so
7f6313a16000-7f6313a18000 rw-p 001be000 08:04 1184596                    /lib/x86_64-linux-gnu/libc-2.19.so
7f6313a18000-7f6313a1d000 rw-p 00000000 00:00 0 
7f6313a1d000-7f6313a20000 r-xp 00000000 08:04 1184170                    /lib/x86_64-linux-gnu/libdl-2.19.so
7f6313a20000-7f6313c1f000 ---p 00003000 08:04 1184170                    /lib/x86_64-linux-gnu/libdl-2.19.so
7f6313c1f000-7f6313c20000 r--p 00002000 08:04 1184170                    /lib/x86_64-linux-gnu/libdl-2.19.so
7f6313c20000-7f6313c21000 rw-p 00003000 08:04 1184170                    /lib/x86_64-linux-gnu/libdl-2.19.so
7f6313c21000-7f6313c37000 r-xp 00000000 08:04 408121                     /usr/lib/java/jdk1.7.0_79/lib/amd64/jli/libjli.so
7f6313c37000-7f6313e37000 ---p 00016000 08:04 408121                     /usr/lib/java/jdk1.7.0_79/lib/amd64/jli/libjli.so
7f6313e37000-7f6313e38000 rw-p 00016000 08:04 408121                     /usr/lib/java/jdk1.7.0_79/lib/amd64/jli/libjli.so
7f6313e38000-7f6313e51000 r-xp 00000000 08:04 1184597                    /lib/x86_64-linux-gnu/libpthread-2.19.so
7f6313e51000-7f6314050000 ---p 00019000 08:04 1184597                    /lib/x86_64-linux-gnu/libpthread-2.19.so
7f6314050000-7f6314051000 r--p 00018000 08:04 1184597                    /lib/x86_64-linux-gnu/libpthread-2.19.so
7f6314051000-7f6314052000 rw-p 00019000 08:04 1184597                    /lib/x86_64-linux-gnu/libpthread-2.19.so
7f6314052000-7f6314056000 rw-p 00000000 00:00 0 
7f6314056000-7f6314079000 r-xp 00000000 08:04 1184501                    /lib/x86_64-linux-gnu/ld-2.19.so
7f6314095000-7f631409f000 rw-p 00000000 00:00 0 
7f631409f000-7f6314155000 rw-p 00000000 00:00 0 
7f6314155000-7f6314158000 ---p 00000000 00:00 0 
7f6314158000-7f631425a000 rw-p 00000000 00:00 0                          [stack:17036]
7f631426a000-7f631426c000 rw-p 00000000 00:00 0 
7f631426c000-7f6314274000 rw-s 00000000 08:04 2876                       /tmp/hsperfdata_hulk/17031
7f6314274000-7f6314275000 rw-p 00000000 00:00 0 
7f6314275000-7f6314276000 r--p 00000000 00:00 0 
7f6314276000-7f6314278000 rw-p 00000000 00:00 0 
7f6314278000-7f6314279000 r--p 00022000 08:04 1184501                    /lib/x86_64-linux-gnu/ld-2.19.so
7f6314279000-7f631427a000 rw-p 00023000 08:04 1184501                    /lib/x86_64-linux-gnu/ld-2.19.so
7f631427a000-7f631427b000 rw-p 00000000 00:00 0 
7fffb04b2000-7fffb04d3000 rw-p 00000000 00:00 0                          [stack]
7fffb04e9000-7fffb04eb000 r-xp 00000000 00:00 0                          [vdso]
7fffb04eb000-7fffb04ed000 r--p 00000000 00:00 0                          [vvar]
ffffffffff600000-ffffffffff601000 r-xp 00000000 00:00 0                  [vsyscall]

VM Arguments:
jvm_args: -Xmx1024M -Dfile.encoding=UTF-8 -Duser.country=US -Duser.language=en -Duser.variant 
java_command: com.android.dx.command.Main --dex --output /home/hulk/Documents/CS-454/Projects/Weather/app/build/intermediates/dex/debug /home/hulk/Documents/CS-454/Projects/Weather/app/build/intermediates/classes/debug /home/hulk/Documents/CS-454/Projects/Weather/app/build/intermediates/pre-dexed/debug/support-annotations-22.1.1-9fa5a6726cf3f9acad0b2a783e860369d0bae47d.jar /home/hulk/Documents/CS-454/Projects/Weather/app/build/intermediates/pre-dexed/debug/internal_impl-22.1.1-6f7588c6b6662e0a6838419ae7f82a01e93df8b8.jar /home/hulk/Documents/CS-454/Projects/Weather/app/build/intermediates/pre-dexed/debug/classes-4b9261209b103e3b1190a6216f5d821f22d7997b.jar /home/hulk/Documents/CS-454/Projects/Weather/app/build/intermediates/pre-dexed/debug/classes-0845b8d73e49a5535c974708cf11da7a54472c12.jar
Launcher Type: SUN_STANDARD

Environment Variables:
PATH=/usr/local/sbin:/usr/local/bin:/usr/sbin:/usr/bin:/sbin:/bin:/usr/games:/usr/local/games
LD_LIBRARY_PATH=.:
SHELL=/bin/bash
DISPLAY=:0.0

Signal Handlers:
SIGSEGV: [libjvm.so+0x9a3bf0], sa_mask[0]=0x7ffbfeff, sa_flags=0x10000004
SIGBUS: [libjvm.so+0x9a3bf0], sa_mask[0]=0x7ffbfeff, sa_flags=0x10000004
SIGFPE: [libjvm.so+0x81cb60], sa_mask[0]=0x7ffbfeff, sa_flags=0x10000004
SIGPIPE: [libjvm.so+0x81cb60], sa_mask[0]=0x7ffbfeff, sa_flags=0x10000004
SIGXFSZ: [libjvm.so+0x81cb60], sa_mask[0]=0x7ffbfeff, sa_flags=0x10000004
SIGILL: [libjvm.so+0x81cb60], sa_mask[0]=0x7ffbfeff, sa_flags=0x10000004
SIGUSR1: SIG_DFL, sa_mask[0]=0x00000000, sa_flags=0x00000000
SIGUSR2: [libjvm.so+0x81e360], sa_mask[0]=0x00000004, sa_flags=0x10000004
SIGHUP: SIG_DFL, sa_mask[0]=0x00000000, sa_flags=0x00000000
SIGINT: SIG_DFL, sa_mask[0]=0x00000000, sa_flags=0x00000000
SIGTERM: SIG_DFL, sa_mask[0]=0x00000000, sa_flags=0x00000000
SIGQUIT: SIG_DFL, sa_mask[0]=0x00000000, sa_flags=0x00000000


---------------  S Y S T E M  ---------------

OS:jessie/sid

uname:Linux 3.16.0-38-generic #52~14.04.1-Ubuntu SMP Fri May 8 09:43:57 UTC 2015 x86_64
libc:glibc 2.19 NPTL 2.19 
rlimit: STACK 8192k, CORE 0k, NPROC 30699, NOFILE 4096, AS infinity
load average:0.61 0.66 0.62

/proc/meminfo:
MemTotal:        8080524 kB
MemFree:          135208 kB
MemAvailable:      96436 kB
Buffers:            1976 kB
Cached:          3368272 kB
SwapCached:            0 kB
Active:          4475940 kB
Inactive:        3238488 kB
Active(anon):    4459296 kB
Inactive(anon):  3219148 kB
Active(file):      16644 kB
Inactive(file):    19340 kB
Unevictable:          48 kB
Mlocked:              48 kB
SwapTotal:             0 kB
SwapFree:              0 kB
Dirty:              4208 kB
Writeback:            40 kB
AnonPages:       4345264 kB
Mapped:           711156 kB
Shmem:           3333228 kB
Slab:             103540 kB
SReclaimable:      55408 kB
SUnreclaim:        48132 kB
KernelStack:       10528 kB
PageTables:        41340 kB
NFS_Unstable:          0 kB
Bounce:                0 kB
WritebackTmp:          0 kB
CommitLimit:     4040260 kB
Committed_AS:   13332180 kB
VmallocTotal:   34359738367 kB
VmallocUsed:      451004 kB
VmallocChunk:   34359196404 kB
HardwareCorrupted:     0 kB
AnonHugePages:   2328576 kB
HugePages_Total:       0
HugePages_Free:        0
HugePages_Rsvd:        0
HugePages_Surp:        0
Hugepagesize:       2048 kB
DirectMap4k:       74392 kB
DirectMap2M:     8218624 kB


CPU:total 4 (2 cores per cpu, 2 threads per core) family 6 model 58 stepping 9, cmov, cx8, fxsr, mmx, sse, sse2, sse3, ssse3, sse4.1, sse4.2, popcnt, avx, aes, erms, ht, tsc, tscinvbit, tscinv

/proc/cpuinfo:
processor	: 0
vendor_id	: GenuineIntel
cpu family	: 6
model		: 58
model name	: Intel(R) Core(TM) i7-3667U CPU @ 2.00GHz
stepping	: 9
microcode	: 0x12
cpu MHz		: 2602.734
cache size	: 4096 KB
physical id	: 0
siblings	: 4
core id		: 0
cpu cores	: 2
apicid		: 0
initial apicid	: 0
fpu		: yes
fpu_exception	: yes
cpuid level	: 13
wp		: yes
flags		: fpu vme de pse tsc msr pae mce cx8 apic sep mtrr pge mca cmov pat pse36 clflush dts acpi mmx fxsr sse sse2 ss ht tm pbe syscall nx rdtscp lm constant_tsc arch_perfmon pebs bts rep_good nopl xtopology nonstop_tsc aperfmperf eagerfpu pni pclmulqdq dtes64 monitor ds_cpl vmx smx est tm2 ssse3 cx16 xtpr pdcm pcid sse4_1 sse4_2 x2apic popcnt tsc_deadline_timer aes xsave avx f16c rdrand lahf_lm ida arat xsaveopt pln pts dtherm tpr_shadow vnmi flexpriority ept vpid fsgsbase smep erms
bogomips	: 4988.38
clflush size	: 64
cache_alignment	: 64
address sizes	: 36 bits physical, 48 bits virtual
power management:

processor	: 1
vendor_id	: GenuineIntel
cpu family	: 6
model		: 58
model name	: Intel(R) Core(TM) i7-3667U CPU @ 2.00GHz
stepping	: 9
microcode	: 0x12
cpu MHz		: 1684.765
cache size	: 4096 KB
physical id	: 0
siblings	: 4
core id		: 1
cpu cores	: 2
apicid		: 2
initial apicid	: 2
fpu		: yes
fpu_exception	: yes
cpuid level	: 13
wp		: yes
flags		: fpu vme de pse tsc msr pae mce cx8 apic sep mtrr pge mca cmov pat pse36 clflush dts acpi mmx fxsr sse sse2 ss ht tm pbe syscall nx rdtscp lm constant_tsc arch_perfmon pebs bts rep_good nopl xtopology nonstop_tsc aperfmperf eagerfpu pni pclmulqdq dtes64 monitor ds_cpl vmx smx est tm2 ssse3 cx16 xtpr pdcm pcid sse4_1 sse4_2 x2apic popcnt tsc_deadline_timer aes xsave avx f16c rdrand lahf_lm ida arat xsaveopt pln pts dtherm tpr_shadow vnmi flexpriority ept vpid fsgsbase smep erms
bogomips	: 4988.38
clflush size	: 64
cache_alignment	: 64
address sizes	: 36 bits physical, 48 bits virtual
power management:

processor	: 2
vendor_id	: GenuineIntel
cpu family	: 6
model		: 58
model name	: Intel(R) Core(TM) i7-3667U CPU @ 2.00GHz
stepping	: 9
microcode	: 0x12
cpu MHz		: 2356.347
cache size	: 4096 KB
physical id	: 0
siblings	: 4
core id		: 0
cpu cores	: 2
apicid		: 1
initial apicid	: 1
fpu		: yes
fpu_exception	: yes
cpuid level	: 13
wp		: yes
flags		: fpu vme de pse tsc msr pae mce cx8 apic sep mtrr pge mca cmov pat pse36 clflush dts acpi mmx fxsr sse sse2 ss ht tm pbe syscall nx rdtscp lm constant_tsc arch_perfmon pebs bts rep_good nopl xtopology nonstop_tsc aperfmperf eagerfpu pni pclmulqdq dtes64 monitor ds_cpl vmx smx est tm2 ssse3 cx16 xtpr pdcm pcid sse4_1 sse4_2 x2apic popcnt tsc_deadline_timer aes xsave avx f16c rdrand lahf_lm ida arat xsaveopt pln pts dtherm tpr_shadow vnmi flexpriority ept vpid fsgsbase smep erms
bogomips	: 4988.38
clflush size	: 64
cache_alignment	: 64
address sizes	: 36 bits physical, 48 bits virtual
power management:

processor	: 3
vendor_id	: GenuineIntel
cpu family	: 6
model		: 58
model name	: Intel(R) Core(TM) i7-3667U CPU @ 2.00GHz
stepping	: 9
microcode	: 0x12
cpu MHz		: 2783.593
cache size	: 4096 KB
physical id	: 0
siblings	: 4
core id		: 1
cpu cores	: 2
apicid		: 3
initial apicid	: 3
fpu		: yes
fpu_exception	: yes
cpuid level	: 13
wp		: yes
flags		: fpu vme de pse tsc msr pae mce cx8 apic sep mtrr pge mca cmov pat pse36 clflush dts acpi mmx fxsr sse sse2 ss ht tm pbe syscall nx rdtscp lm constant_tsc arch_perfmon pebs bts rep_good nopl xtopology nonstop_tsc aperfmperf eagerfpu pni pclmulqdq dtes64 monitor ds_cpl vmx smx est tm2 ssse3 cx16 xtpr pdcm pcid sse4_1 sse4_2 x2apic popcnt tsc_deadline_timer aes xsave avx f16c rdrand lahf_lm ida arat xsaveopt pln pts dtherm tpr_shadow vnmi flexpriority ept vpid fsgsbase smep erms
bogomips	: 4988.38
clflush size	: 64
cache_alignment	: 64
address sizes	: 36 bits physical, 48 bits virtual
power management:



Memory: 4k page, physical 8080524k(135208k free), swap 0k(0k free)

vm_info: Java HotSpot(TM) 64-Bit Server VM (24.79-b02) for linux-amd64 JRE (1.7.0_79-b15), built on Apr 10 2015 11:34:48 by "java_re" with gcc 4.3.0 20080428 (Red Hat 4.3.0-8)

time: Thu Jun  4 22:52:53 2015
elapsed time: 0 seconds

