#
# There is insufficient memory for the Java Runtime Environment to continue.
# Native memory allocation (malloc) failed to allocate 85983232 bytes for committing reserved memory.
# Possible reasons:
#   The system is out of physical RAM or swap space
#   In 32 bit mode, the process size limit was hit
# Possible solutions:
#   Reduce memory load on the system
#   Increase physical memory or swap space
#   Check if swap backing store is full
#   Use 64 bit Java on a 64 bit OS
#   Decrease Java heap size (-Xmx/-Xms)
#   Decrease number of Java threads
#   Decrease Java thread stack sizes (-Xss)
#   Set larger code cache with -XX:ReservedCodeCacheSize=
# This output file may be truncated or incomplete.
#
#  Out of Memory Error (os_linux.cpp:2756), pid=17093, tid=140072976656128
#
# JRE version:  (7.0_79-b15) (build )
# Java VM: Java HotSpot(TM) 64-Bit Server VM (24.79-b02 mixed mode linux-amd64 compressed oops)
# Failed to write core dump. Core dumps have been disabled. To enable core dumping, try "ulimit -c unlimited" before starting Java again
#

---------------  T H R E A D  ---------------

Current thread (0x00007f654000a800):  JavaThread "Unknown thread" [_thread_in_vm, id=17098, stack(0x00007f6547f42000,0x00007f6548043000)]

Stack: [0x00007f6547f42000,0x00007f6548043000],  sp=0x00007f6548041230,  free space=1020k
Native frames: (J=compiled Java code, j=interpreted, Vv=VM code, C=native code)
V  [libjvm.so+0x9a32da]  VMError::report_and_die()+0x2ea
V  [libjvm.so+0x497f7b]  report_vm_out_of_memory(char const*, int, unsigned long, char const*)+0x9b
V  [libjvm.so+0x81fcce]  os::Linux::commit_memory_impl(char*, unsigned long, bool)+0xfe
V  [libjvm.so+0x820219]  os::pd_commit_memory(char*, unsigned long, unsigned long, bool)+0x29
V  [libjvm.so+0x819faa]  os::commit_memory(char*, unsigned long, unsigned long, bool)+0x2a
V  [libjvm.so+0x88d863]  PSVirtualSpace::expand_by(unsigned long)+0x53
V  [libjvm.so+0x87c4d3]  PSOldGen::initialize(ReservedSpace, unsigned long, char const*, int)+0x103
V  [libjvm.so+0x29a9b3]  AdjoiningGenerations::AdjoiningGenerations(ReservedSpace, unsigned long, unsigned long, unsigned long, unsigned long, unsigned long, unsigned long, unsigned long)+0x3e3
V  [libjvm.so+0x8415f5]  ParallelScavengeHeap::initialize()+0x4d5
V  [libjvm.so+0x9751aa]  Universe::initialize_heap()+0xca
V  [libjvm.so+0x976379]  universe_init()+0x79
V  [libjvm.so+0x5b1d25]  init_globals()+0x65
V  [libjvm.so+0x95dc6d]  Threads::create_vm(JavaVMInitArgs*, bool*)+0x1ed
V  [libjvm.so+0x639fe4]  JNI_CreateJavaVM+0x74
C  [libjli.so+0x2f8e]  JavaMain+0x9e


---------------  P R O C E S S  ---------------

Java Threads: ( => current thread )

Other Threads:

=>0x00007f654000a800 (exited) JavaThread "Unknown thread" [_thread_in_vm, id=17098, stack(0x00007f6547f42000,0x00007f6548043000)]

VM state:not at safepoint (not fully initialized)

VM Mutex/Monitor currently owned by a thread: None

GC Heap History (0 events):
No events

Deoptimization events (0 events):
No events

Internal exceptions (0 events):
No events

Events (0 events):
No events


Dynamic libraries:
00400000-00401000 r-xp 00000000 08:04 536057                             /usr/lib/java/jdk1.7.0_79/bin/java
00600000-00601000 rw-p 00000000 08:04 536057                             /usr/lib/java/jdk1.7.0_79/bin/java
00d1c000-00d3d000 rw-p 00000000 00:00 0                                  [heap]
bae00000-c0000000 rw-p 00000000 00:00 0 
c5200000-eaa80000 rw-p 00000000 00:00 0 
eaa80000-ed400000 rw-p 00000000 00:00 0 
ed400000-100000000 rw-p 00000000 00:00 0 
7f653d000000-7f653d270000 rwxp 00000000 00:00 0 
7f653d270000-7f6540026000 rw-p 00000000 00:00 0 
7f6540026000-7f6544000000 ---p 00000000 00:00 0 
7f6544dbb000-7f6545003000 rw-p 00000000 00:00 0 
7f6545003000-7f6545181000 rw-p 00000000 00:00 0 
7f6545181000-7f6545196000 rw-p 00000000 00:00 0 
7f6545196000-7f654522c000 rw-p 00000000 00:00 0 
7f654522c000-7f654522d000 rw-p 00000000 00:00 0 
7f654522d000-7f6545247000 r-xp 00000000 08:04 664873                     /usr/lib/java/jdk1.7.0_79/jre/lib/amd64/libzip.so
7f6545247000-7f6545447000 ---p 0001a000 08:04 664873                     /usr/lib/java/jdk1.7.0_79/jre/lib/amd64/libzip.so
7f6545447000-7f6545448000 rw-p 0001a000 08:04 664873                     /usr/lib/java/jdk1.7.0_79/jre/lib/amd64/libzip.so
7f6545448000-7f6545453000 r-xp 00000000 08:04 1183791                    /lib/x86_64-linux-gnu/libnss_files-2.19.so
7f6545453000-7f6545652000 ---p 0000b000 08:04 1183791                    /lib/x86_64-linux-gnu/libnss_files-2.19.so
7f6545652000-7f6545653000 r--p 0000a000 08:04 1183791                    /lib/x86_64-linux-gnu/libnss_files-2.19.so
7f6545653000-7f6545654000 rw-p 0000b000 08:04 1183791                    /lib/x86_64-linux-gnu/libnss_files-2.19.so
7f6545654000-7f654565f000 r-xp 00000000 08:04 1184612                    /lib/x86_64-linux-gnu/libnss_nis-2.19.so
7f654565f000-7f654585e000 ---p 0000b000 08:04 1184612                    /lib/x86_64-linux-gnu/libnss_nis-2.19.so
7f654585e000-7f654585f000 r--p 0000a000 08:04 1184612                    /lib/x86_64-linux-gnu/libnss_nis-2.19.so
7f654585f000-7f6545860000 rw-p 0000b000 08:04 1184612                    /lib/x86_64-linux-gnu/libnss_nis-2.19.so
7f6545860000-7f6545877000 r-xp 00000000 08:04 1184499                    /lib/x86_64-linux-gnu/libnsl-2.19.so
7f6545877000-7f6545a76000 ---p 00017000 08:04 1184499                    /lib/x86_64-linux-gnu/libnsl-2.19.so
7f6545a76000-7f6545a77000 r--p 00016000 08:04 1184499                    /lib/x86_64-linux-gnu/libnsl-2.19.so
7f6545a77000-7f6545a78000 rw-p 00017000 08:04 1184499                    /lib/x86_64-linux-gnu/libnsl-2.19.so
7f6545a78000-7f6545a7a000 rw-p 00000000 00:00 0 
7f6545a7a000-7f6545a83000 r-xp 00000000 08:04 1184483                    /lib/x86_64-linux-gnu/libnss_compat-2.19.so
7f6545a83000-7f6545c82000 ---p 00009000 08:04 1184483                    /lib/x86_64-linux-gnu/libnss_compat-2.19.so
7f6545c82000-7f6545c83000 r--p 00008000 08:04 1184483                    /lib/x86_64-linux-gnu/libnss_compat-2.19.so
7f6545c83000-7f6545c84000 rw-p 00009000 08:04 1184483                    /lib/x86_64-linux-gnu/libnss_compat-2.19.so
7f6545c84000-7f6545cad000 r-xp 00000000 08:04 664921                     /usr/lib/java/jdk1.7.0_79/jre/lib/amd64/libjava.so
7f6545cad000-7f6545ead000 ---p 00029000 08:04 664921                     /usr/lib/java/jdk1.7.0_79/jre/lib/amd64/libjava.so
7f6545ead000-7f6545eaf000 rw-p 00029000 08:04 664921                     /usr/lib/java/jdk1.7.0_79/jre/lib/amd64/libjava.so
7f6545eaf000-7f6545ebc000 r-xp 00000000 08:04 664927                     /usr/lib/java/jdk1.7.0_79/jre/lib/amd64/libverify.so
7f6545ebc000-7f65460bb000 ---p 0000d000 08:04 664927                     /usr/lib/java/jdk1.7.0_79/jre/lib/amd64/libverify.so
7f65460bb000-7f65460bd000 rw-p 0000c000 08:04 664927                     /usr/lib/java/jdk1.7.0_79/jre/lib/amd64/libverify.so
7f65460bd000-7f65460c4000 r-xp 00000000 08:04 1184599                    /lib/x86_64-linux-gnu/librt-2.19.so
7f65460c4000-7f65462c3000 ---p 00007000 08:04 1184599                    /lib/x86_64-linux-gnu/librt-2.19.so
7f65462c3000-7f65462c4000 r--p 00006000 08:04 1184599                    /lib/x86_64-linux-gnu/librt-2.19.so
7f65462c4000-7f65462c5000 rw-p 00007000 08:04 1184599                    /lib/x86_64-linux-gnu/librt-2.19.so
7f65462c5000-7f65463ca000 r-xp 00000000 08:04 1183746                    /lib/x86_64-linux-gnu/libm-2.19.so
7f65463ca000-7f65465c9000 ---p 00105000 08:04 1183746                    /lib/x86_64-linux-gnu/libm-2.19.so
7f65465c9000-7f65465ca000 r--p 00104000 08:04 1183746                    /lib/x86_64-linux-gnu/libm-2.19.so
7f65465ca000-7f65465cb000 rw-p 00105000 08:04 1183746                    /lib/x86_64-linux-gnu/libm-2.19.so
7f65465cb000-7f6547140000 r-xp 00000000 08:04 664919                     /usr/lib/java/jdk1.7.0_79/jre/lib/amd64/server/libjvm.so
7f6547140000-7f6547340000 ---p 00b75000 08:04 664919                     /usr/lib/java/jdk1.7.0_79/jre/lib/amd64/server/libjvm.so
7f6547340000-7f6547404000 rw-p 00b75000 08:04 664919                     /usr/lib/java/jdk1.7.0_79/jre/lib/amd64/server/libjvm.so
7f6547404000-7f6547445000 rw-p 00000000 00:00 0 
7f6547445000-7f6547600000 r-xp 00000000 08:04 1184596                    /lib/x86_64-linux-gnu/libc-2.19.so
7f6547600000-7f65477ff000 ---p 001bb000 08:04 1184596                    /lib/x86_64-linux-gnu/libc-2.19.so
7f65477ff000-7f6547803000 r--p 001ba000 08:04 1184596                    /lib/x86_64-linux-gnu/libc-2.19.so
7f6547803000-7f6547805000 rw-p 001be000 08:04 1184596                    /lib/x86_64-linux-gnu/libc-2.19.so
7f6547805000-7f654780a000 rw-p 00000000 00:00 0 
7f654780a000-7f654780d000 r-xp 00000000 08:04 1184170                    /lib/x86_64-linux-gnu/libdl-2.19.so
7f654780d000-7f6547a0c000 ---p 00003000 08:04 1184170                    /lib/x86_64-linux-gnu/libdl-2.19.so
7f6547a0c000-7f6547a0d000 r--p 00002000 08:04 1184170                    /lib/x86_64-linux-gnu/libdl-2.19.so
7f6547a0d000-7f6547a0e000 rw-p 00003000 08:04 1184170                    /lib/x86_64-linux-gnu/libdl-2.19.so
7f6547a0e000-7f6547a24000 r-xp 00000000 08:04 408121                     /usr/lib/java/jdk1.7.0_79/lib/amd64/jli/libjli.so
7f6547a24000-7f6547c24000 ---p 00016000 08:04 408121                     /usr/lib/java/jdk1.7.0_79/lib/amd64/jli/libjli.so
7f6547c24000-7f6547c25000 rw-p 00016000 08:04 408121                     /usr/lib/java/jdk1.7.0_79/lib/amd64/jli/libjli.so
7f6547c25000-7f6547c3e000 r-xp 00000000 08:04 1184597                    /lib/x86_64-linux-gnu/libpthread-2.19.so
7f6547c3e000-7f6547e3d000 ---p 00019000 08:04 1184597                    /lib/x86_64-linux-gnu/libpthread-2.19.so
7f6547e3d000-7f6547e3e000 r--p 00018000 08:04 1184597                    /lib/x86_64-linux-gnu/libpthread-2.19.so
7f6547e3e000-7f6547e3f000 rw-p 00019000 08:04 1184597                    /lib/x86_64-linux-gnu/libpthread-2.19.so
7f6547e3f000-7f6547e43000 rw-p 00000000 00:00 0 
7f6547e43000-7f6547e66000 r-xp 00000000 08:04 1184501                    /lib/x86_64-linux-gnu/ld-2.19.so
7f6547e82000-7f6547e8c000 rw-p 00000000 00:00 0 
7f6547e8c000-7f6547f42000 rw-p 00000000 00:00 0 
7f6547f42000-7f6547f45000 ---p 00000000 00:00 0 
7f6547f45000-7f6548047000 rw-p 00000000 00:00 0                          [stack:17098]
7f6548057000-7f6548059000 rw-p 00000000 00:00 0 
7f6548059000-7f6548061000 rw-s 00000000 08:04 2878                       /tmp/hsperfdata_hulk/17093
7f6548061000-7f6548062000 rw-p 00000000 00:00 0 
7f6548062000-7f6548063000 r--p 00000000 00:00 0 
7f6548063000-7f6548065000 rw-p 00000000 00:00 0 
7f6548065000-7f6548066000 r--p 00022000 08:04 1184501                    /lib/x86_64-linux-gnu/ld-2.19.so
7f6548066000-7f6548067000 rw-p 00023000 08:04 1184501                    /lib/x86_64-linux-gnu/ld-2.19.so
7f6548067000-7f6548068000 rw-p 00000000 00:00 0 
7ffd81b37000-7ffd81b58000 rw-p 00000000 00:00 0                          [stack]
7ffd81baa000-7ffd81bac000 r-xp 00000000 00:00 0                          [vdso]
7ffd81bac000-7ffd81bae000 r--p 00000000 00:00 0                          [vvar]
ffffffffff600000-ffffffffff601000 r-xp 00000000 00:00 0                  [vsyscall]

VM Arguments:
jvm_args: -Xmx1024M -Dfile.encoding=UTF-8 -Duser.country=US -Duser.language=en -Duser.variant 
java_command: com.android.dx.command.Main --dex --output /home/hulk/Documents/CS-454/Projects/Weather/app/build/intermediates/dex/debug /home/hulk/Documents/CS-454/Projects/Weather/app/build/intermediates/classes/debug /home/hulk/Documents/CS-454/Projects/Weather/app/build/intermediates/pre-dexed/debug/support-annotations-22.1.1-9fa5a6726cf3f9acad0b2a783e860369d0bae47d.jar /home/hulk/Documents/CS-454/Projects/Weather/app/build/intermediates/pre-dexed/debug/internal_impl-22.1.1-6f7588c6b6662e0a6838419ae7f82a01e93df8b8.jar /home/hulk/Documents/CS-454/Projects/Weather/app/build/intermediates/pre-dexed/debug/classes-4b9261209b103e3b1190a6216f5d821f22d7997b.jar /home/hulk/Documents/CS-454/Projects/Weather/app/build/intermediates/pre-dexed/debug/classes-0845b8d73e49a5535c974708cf11da7a54472c12.jar
Launcher Type: SUN_STANDARD

Environment Variables:
PATH=/usr/local/sbin:/usr/local/bin:/usr/sbin:/usr/bin:/sbin:/bin:/usr/games:/usr/local/games
LD_LIBRARY_PATH=.:
SHELL=/bin/bash
DISPLAY=:0.0

Signal Handlers:
SIGSEGV: [libjvm.so+0x9a3bf0], sa_mask[0]=0x7ffbfeff, sa_flags=0x10000004
SIGBUS: [libjvm.so+0x9a3bf0], sa_mask[0]=0x7ffbfeff, sa_flags=0x10000004
SIGFPE: [libjvm.so+0x81cb60], sa_mask[0]=0x7ffbfeff, sa_flags=0x10000004
SIGPIPE: [libjvm.so+0x81cb60], sa_mask[0]=0x7ffbfeff, sa_flags=0x10000004
SIGXFSZ: [libjvm.so+0x81cb60], sa_mask[0]=0x7ffbfeff, sa_flags=0x10000004
SIGILL: [libjvm.so+0x81cb60], sa_mask[0]=0x7ffbfeff, sa_flags=0x10000004
SIGUSR1: SIG_DFL, sa_mask[0]=0x00000000, sa_flags=0x00000000
SIGUSR2: [libjvm.so+0x81e360], sa_mask[0]=0x00000004, sa_flags=0x10000004
SIGHUP: SIG_DFL, sa_mask[0]=0x00000000, sa_flags=0x00000000
SIGINT: SIG_DFL, sa_mask[0]=0x00000000, sa_flags=0x00000000
SIGTERM: SIG_DFL, sa_mask[0]=0x00000000, sa_flags=0x00000000
SIGQUIT: SIG_DFL, sa_mask[0]=0x00000000, sa_flags=0x00000000


---------------  S Y S T E M  ---------------

OS:jessie/sid

uname:Linux 3.16.0-38-generic #52~14.04.1-Ubuntu SMP Fri May 8 09:43:57 UTC 2015 x86_64
libc:glibc 2.19 NPTL 2.19 
rlimit: STACK 8192k, CORE 0k, NPROC 30699, NOFILE 4096, AS infinity
load average:2.43 1.01 0.74

/proc/meminfo:
MemTotal:        8080524 kB
MemFree:          132356 kB
MemAvailable:      83284 kB
Buffers:             264 kB
Cached:          3349624 kB
SwapCached:            0 kB
Active:          4487356 kB
Inactive:        3228004 kB
Active(anon):    4480424 kB
Inactive(anon):  3219300 kB
Active(file):       6932 kB
Inactive(file):     8704 kB
Unevictable:          48 kB
Mlocked:              48 kB
SwapTotal:             0 kB
SwapFree:              0 kB
Dirty:              2048 kB
Writeback:           256 kB
AnonPages:       4366380 kB
Mapped:           697884 kB
Shmem:           3333392 kB
Slab:             103048 kB
SReclaimable:      55148 kB
SUnreclaim:        47900 kB
KernelStack:       10416 kB
PageTables:        41244 kB
NFS_Unstable:          0 kB
Bounce:                0 kB
WritebackTmp:          0 kB
CommitLimit:     4040260 kB
Committed_AS:   13351980 kB
VmallocTotal:   34359738367 kB
VmallocUsed:      451004 kB
VmallocChunk:   34359196404 kB
HardwareCorrupted:     0 kB
AnonHugePages:   2334720 kB
HugePages_Total:       0
HugePages_Free:        0
HugePages_Rsvd:        0
HugePages_Surp:        0
Hugepagesize:       2048 kB
DirectMap4k:       74392 kB
DirectMap2M:     8218624 kB


CPU:total 4 (2 cores per cpu, 2 threads per core) family 6 model 58 stepping 9, cmov, cx8, fxsr, mmx, sse, sse2, sse3, ssse3, sse4.1, sse4.2, popcnt, avx, aes, erms, ht, tsc, tscinvbit, tscinv

/proc/cpuinfo:
processor	: 0
vendor_id	: GenuineIntel
cpu family	: 6
model		: 58
model name	: Intel(R) Core(TM) i7-3667U CPU @ 2.00GHz
stepping	: 9
microcode	: 0x12
cpu MHz		: 3000.390
cache size	: 4096 KB
physical id	: 0
siblings	: 4
core id		: 0
cpu cores	: 2
apicid		: 0
initial apicid	: 0
fpu		: yes
fpu_exception	: yes
cpuid level	: 13
wp		: yes
flags		: fpu vme de pse tsc msr pae mce cx8 apic sep mtrr pge mca cmov pat pse36 clflush dts acpi mmx fxsr sse sse2 ss ht tm pbe syscall nx rdtscp lm constant_tsc arch_perfmon pebs bts rep_good nopl xtopology nonstop_tsc aperfmperf eagerfpu pni pclmulqdq dtes64 monitor ds_cpl vmx smx est tm2 ssse3 cx16 xtpr pdcm pcid sse4_1 sse4_2 x2apic popcnt tsc_deadline_timer aes xsave avx f16c rdrand lahf_lm ida arat xsaveopt pln pts dtherm tpr_shadow vnmi flexpriority ept vpid fsgsbase smep erms
bogomips	: 4988.38
clflush size	: 64
cache_alignment	: 64
address sizes	: 36 bits physical, 48 bits virtual
power management:

processor	: 1
vendor_id	: GenuineIntel
cpu family	: 6
model		: 58
model name	: Intel(R) Core(TM) i7-3667U CPU @ 2.00GHz
stepping	: 9
microcode	: 0x12
cpu MHz		: 3021.777
cache size	: 4096 KB
physical id	: 0
siblings	: 4
core id		: 1
cpu cores	: 2
apicid		: 2
initial apicid	: 2
fpu		: yes
fpu_exception	: yes
cpuid level	: 13
wp		: yes
flags		: fpu vme de pse tsc msr pae mce cx8 apic sep mtrr pge mca cmov pat pse36 clflush dts acpi mmx fxsr sse sse2 ss ht tm pbe syscall nx rdtscp lm constant_tsc arch_perfmon pebs bts rep_good nopl xtopology nonstop_tsc aperfmperf eagerfpu pni pclmulqdq dtes64 monitor ds_cpl vmx smx est tm2 ssse3 cx16 xtpr pdcm pcid sse4_1 sse4_2 x2apic popcnt tsc_deadline_timer aes xsave avx f16c rdrand lahf_lm ida arat xsaveopt pln pts dtherm tpr_shadow vnmi flexpriority ept vpid fsgsbase smep erms
bogomips	: 4988.38
clflush size	: 64
cache_alignment	: 64
address sizes	: 36 bits physical, 48 bits virtual
power management:

processor	: 2
vendor_id	: GenuineIntel
cpu family	: 6
model		: 58
model name	: Intel(R) Core(TM) i7-3667U CPU @ 2.00GHz
stepping	: 9
microcode	: 0x12
cpu MHz		: 2999.902
cache size	: 4096 KB
physical id	: 0
siblings	: 4
core id		: 0
cpu cores	: 2
apicid		: 1
initial apicid	: 1
fpu		: yes
fpu_exception	: yes
cpuid level	: 13
wp		: yes
flags		: fpu vme de pse tsc msr pae mce cx8 apic sep mtrr pge mca cmov pat pse36 clflush dts acpi mmx fxsr sse sse2 ss ht tm pbe syscall nx rdtscp lm constant_tsc arch_perfmon pebs bts rep_good nopl xtopology nonstop_tsc aperfmperf eagerfpu pni pclmulqdq dtes64 monitor ds_cpl vmx smx est tm2 ssse3 cx16 xtpr pdcm pcid sse4_1 sse4_2 x2apic popcnt tsc_deadline_timer aes xsave avx f16c rdrand lahf_lm ida arat xsaveopt pln pts dtherm tpr_shadow vnmi flexpriority ept vpid fsgsbase smep erms
bogomips	: 4988.38
clflush size	: 64
cache_alignment	: 64
address sizes	: 36 bits physical, 48 bits virtual
power management:

processor	: 3
vendor_id	: GenuineIntel
cpu family	: 6
model		: 58
model name	: Intel(R) Core(TM) i7-3667U CPU @ 2.00GHz
stepping	: 9
microcode	: 0x12
cpu MHz		: 3049.511
cache size	: 4096 KB
physical id	: 0
siblings	: 4
core id		: 1
cpu cores	: 2
apicid		: 3
initial apicid	: 3
fpu		: yes
fpu_exception	: yes
cpuid level	: 13
wp		: yes
flags		: fpu vme de pse tsc msr pae mce cx8 apic sep mtrr pge mca cmov pat pse36 clflush dts acpi mmx fxsr sse sse2 ss ht tm pbe syscall nx rdtscp lm constant_tsc arch_perfmon pebs bts rep_good nopl xtopology nonstop_tsc aperfmperf eagerfpu pni pclmulqdq dtes64 monitor ds_cpl vmx smx est tm2 ssse3 cx16 xtpr pdcm pcid sse4_1 sse4_2 x2apic popcnt tsc_deadline_timer aes xsave avx f16c rdrand lahf_lm ida arat xsaveopt pln pts dtherm tpr_shadow vnmi flexpriority ept vpid fsgsbase smep erms
bogomips	: 4988.38
clflush size	: 64
cache_alignment	: 64
address sizes	: 36 bits physical, 48 bits virtual
power management:



Memory: 4k page, physical 8080524k(131860k free), swap 0k(0k free)

vm_info: Java HotSpot(TM) 64-Bit Server VM (24.79-b02) for linux-amd64 JRE (1.7.0_79-b15), built on Apr 10 2015 11:34:48 by "java_re" with gcc 4.3.0 20080428 (Red Hat 4.3.0-8)

time: Thu Jun  4 22:55:52 2015
elapsed time: 0 seconds

